# JRE version: OpenJDK Runtime Environment (21.0.8) (build 21.0.8+-14196175-b1038.72)
# Java VM: OpenJDK 64-Bit Server VM (21.0.8+-14196175-b1038.72, mixed mode, tiered, compressed oops, compressed class ptrs, g1 gc, windows-amd64)
GC Precious Log:
 CardTable entry size: 512
 Card Set container configuration: InlinePtr #cards 4 size 8 Array Of Cards #cards 32 size 80 Howl #buckets 8 coarsen threshold 7372 Howl Bitmap #cards 1024 size 144 coarsen threshold 921 Card regions per heap region 1 cards per card region 8192
 CPUs: 12 total, 12 available
 Memory: 7920M
 Large Page Support: Disabled
 NUMA Support: Disabled
 Compressed Oops: Enabled (Zero based)
 Heap Region Size: 4M
 Heap Min Capacity: 8M
 Heap Initial Capacity: 124M
 Heap Max Capacity: 8G
 Pre-touch: Disabled
 Parallel Workers: 10
 Concurrent Workers: 3
 Concurrent Refinement Workers: 10
 Periodic GC: Disabled
Heap:
 garbage-first heap   total 634880K, used 500325K [0x0000000600000000, 0x0000000800000000)
  region size 4096K, 44 young (180224K), 3 survivors (12288K)
 Metaspace       used 171854K, committed 174464K, reserved 1245184K
  class space    used 23978K, committed 25216K, reserved 1048576K
GC Heap History (20 events):
Event: 24.536 GC heap before
{Heap before GC invocations=54 (full 0):
 garbage-first heap   total 286720K, used 253405K [0x0000000600000000, 0x0000000800000000)
  region size 4096K, 20 young (81920K), 3 survivors (12288K)
 Metaspace       used 125259K, committed 127616K, reserved 1179648K
  class space    used 17772K, committed 18944K, reserved 1048576K
}
Event: 24.544 GC heap after
{Heap after GC invocations=55 (full 0):
 garbage-first heap   total 401408K, used 192597K [0x0000000600000000, 0x0000000800000000)
  region size 4096K, 3 young (12288K), 3 survivors (12288K)
 Metaspace       used 125259K, committed 127616K, reserved 1179648K
  class space    used 17772K, committed 18944K, reserved 1048576K
}
Event: 26.151 GC heap before
{Heap before GC invocations=56 (full 0):
 garbage-first heap   total 401408K, used 323669K [0x0000000600000000, 0x0000000800000000)
  region size 4096K, 36 young (147456K), 3 survivors (12288K)
 Metaspace       used 131749K, committed 134080K, reserved 1179648K
  class space    used 18634K, committed 19776K, reserved 1048576K
}
Event: 26.162 GC heap after
{Heap after GC invocations=57 (full 0):
 garbage-first heap   total 401408K, used 204700K [0x0000000600000000, 0x0000000800000000)
  region size 4096K, 5 young (20480K), 5 survivors (20480K)
 Metaspace       used 131749K, committed 134080K, reserved 1179648K
  class space    used 18634K, committed 19776K, reserved 1048576K
}
Event: 36.664 GC heap before
{Heap before GC invocations=57 (full 0):
 garbage-first heap   total 401408K, used 343964K [0x0000000600000000, 0x0000000800000000)
  region size 4096K, 40 young (163840K), 5 survivors (20480K)
 Metaspace       used 134749K, committed 137088K, reserved 1179648K
  class space    used 18920K, committed 20096K, reserved 1048576K
}
Event: 36.683 GC heap after
{Heap after GC invocations=58 (full 0):
 garbage-first heap   total 401408K, used 213198K [0x0000000600000000, 0x0000000800000000)
  region size 4096K, 3 young (12288K), 3 survivors (12288K)
 Metaspace       used 134749K, committed 137088K, reserved 1179648K
  class space    used 18920K, committed 20096K, reserved 1048576K
}
Event: 37.703 GC heap before
{Heap before GC invocations=58 (full 0):
 garbage-first heap   total 401408K, used 348366K [0x0000000600000000, 0x0000000800000000)
  region size 4096K, 37 young (151552K), 3 survivors (12288K)
 Metaspace       used 137701K, committed 140096K, reserved 1179648K
  class space    used 19299K, committed 20416K, reserved 1048576K
}
Event: 37.711 GC heap after
{Heap after GC invocations=59 (full 0):
 garbage-first heap   total 401408K, used 218943K [0x0000000600000000, 0x0000000800000000)
  region size 4096K, 5 young (20480K), 5 survivors (20480K)
 Metaspace       used 137701K, committed 140096K, reserved 1179648K
  class space    used 19299K, committed 20416K, reserved 1048576K
}
Event: 38.800 GC heap before
{Heap before GC invocations=60 (full 0):
 garbage-first heap   total 401408K, used 345919K [0x0000000600000000, 0x0000000800000000)
  region size 4096K, 37 young (151552K), 5 survivors (20480K)
 Metaspace       used 145903K, committed 148416K, reserved 1179648K
  class space    used 20345K, committed 21568K, reserved 1048576K
}
Event: 38.812 GC heap after
{Heap after GC invocations=61 (full 0):
 garbage-first heap   total 401408K, used 228647K [0x0000000600000000, 0x0000000800000000)
  region size 4096K, 5 young (20480K), 5 survivors (20480K)
 Metaspace       used 145903K, committed 148416K, reserved 1179648K
  class space    used 20345K, committed 21568K, reserved 1048576K
}
Event: 39.382 GC heap before
{Heap before GC invocations=61 (full 0):
 garbage-first heap   total 401408K, used 351527K [0x0000000600000000, 0x0000000800000000)
  region size 4096K, 35 young (143360K), 5 survivors (20480K)
 Metaspace       used 154439K, committed 156992K, reserved 1245184K
  class space    used 21346K, committed 22592K, reserved 1048576K
}
Event: 39.395 GC heap after
{Heap after GC invocations=62 (full 0):
 garbage-first heap   total 401408K, used 234030K [0x0000000600000000, 0x0000000800000000)
  region size 4096K, 3 young (12288K), 3 survivors (12288K)
 Metaspace       used 154439K, committed 156992K, reserved 1245184K
  class space    used 21346K, committed 22592K, reserved 1048576K
}
Event: 39.537 GC heap before
{Heap before GC invocations=62 (full 0):
 garbage-first heap   total 401408K, used 266798K [0x0000000600000000, 0x0000000800000000)
  region size 4096K, 13 young (53248K), 3 survivors (12288K)
 Metaspace       used 156780K, committed 159296K, reserved 1245184K
  class space    used 21691K, committed 22912K, reserved 1048576K
}
Event: 39.543 GC heap after
{Heap after GC invocations=63 (full 0):
 garbage-first heap   total 401408K, used 240657K [0x0000000600000000, 0x0000000800000000)
  region size 4096K, 5 young (20480K), 5 survivors (20480K)
 Metaspace       used 156780K, committed 159296K, reserved 1245184K
  class space    used 21691K, committed 22912K, reserved 1048576K
}
Event: 39.933 GC heap before
{Heap before GC invocations=64 (full 0):
 garbage-first heap   total 425984K, used 371729K [0x0000000600000000, 0x0000000800000000)
  region size 4096K, 32 young (131072K), 5 survivors (20480K)
 Metaspace       used 162155K, committed 164672K, reserved 1245184K
  class space    used 22441K, committed 23680K, reserved 1048576K
}
Event: 39.946 GC heap after
{Heap after GC invocations=65 (full 0):
 garbage-first heap   total 425984K, used 286597K [0x0000000600000000, 0x0000000800000000)
  region size 4096K, 4 young (16384K), 4 survivors (16384K)
 Metaspace       used 162155K, committed 164672K, reserved 1245184K
  class space    used 22441K, committed 23680K, reserved 1048576K
}
Event: 40.391 GC heap before
{Heap before GC invocations=65 (full 0):
 garbage-first heap   total 425984K, used 384901K [0x0000000600000000, 0x0000000800000000)
  region size 4096K, 28 young (114688K), 4 survivors (16384K)
 Metaspace       used 167138K, committed 169728K, reserved 1245184K
  class space    used 23275K, committed 24512K, reserved 1048576K
}
Event: 40.420 GC heap after
{Heap after GC invocations=66 (full 0):
 garbage-first heap   total 430080K, used 306484K [0x0000000600000000, 0x0000000800000000)
  region size 4096K, 4 young (16384K), 4 survivors (16384K)
 Metaspace       used 167138K, committed 169728K, reserved 1245184K
  class space    used 23275K, committed 24512K, reserved 1048576K
}
Event: 40.633 GC heap before
{Heap before GC invocations=66 (full 0):
 garbage-first heap   total 430080K, used 384308K [0x0000000600000000, 0x0000000800000000)
  region size 4096K, 23 young (94208K), 4 survivors (16384K)
 Metaspace       used 169645K, committed 172288K, reserved 1245184K
  class space    used 23753K, committed 25024K, reserved 1048576K
}
Event: 40.662 GC heap after
{Heap after GC invocations=67 (full 0):
 garbage-first heap   total 634880K, used 336485K [0x0000000600000000, 0x0000000800000000)
  region size 4096K, 3 young (12288K), 3 survivors (12288K)
 Metaspace       used 169645K, committed 172288K, reserved 1245184K
  class space    used 23753K, committed 25024K, reserved 1048576K
}

