# JRE version: OpenJDK Runtime Environment (21.0.8) (build 21.0.8+-14196175-b1038.72)
# Java VM: OpenJDK 64-Bit Server VM (21.0.8+-14196175-b1038.72, mixed mode, tiered, compressed oops, compressed class ptrs, g1 gc, windows-amd64)
GC Precious Log:
 CardTable entry size: 512
 Card Set container configuration: InlinePtr #cards 4 size 8 Array Of Cards #cards 32 size 80 Howl #buckets 8 coarsen threshold 7372 Howl Bitmap #cards 1024 size 144 coarsen threshold 921 Card regions per heap region 1 cards per card region 8192
 CPUs: 12 total, 12 available
 Memory: 7920M
 Large Page Support: Disabled
 NUMA Support: Disabled
 Compressed Oops: Enabled (Zero based)
 Heap Region Size: 4M
 Heap Min Capacity: 8M
 Heap Initial Capacity: 124M
 Heap Max Capacity: 8G
 Pre-touch: Disabled
 Parallel Workers: 10
 Concurrent Workers: 3
 Concurrent Refinement Workers: 10
 Periodic GC: Disabled
Heap:
 garbage-first heap   total 999424K, used 505675K [0x0000000600000000, 0x0000000800000000)
  region size 4096K, 2 young (8192K), 2 survivors (8192K)
 Metaspace       used 204600K, committed 207424K, reserved 1245184K
  class space    used 27333K, committed 28736K, reserved 1048576K
GC Heap History (20 events):
Event: 903.353 GC heap after
{Heap after GC invocations=87 (full 0):
 garbage-first heap   total 999424K, used 364080K [0x0000000600000000, 0x0000000800000000)
  region size 4096K, 12 young (49152K), 12 survivors (49152K)
 Metaspace       used 202452K, committed 205248K, reserved 1245184K
  class space    used 27279K, committed 28608K, reserved 1048576K
}
Event: 940.092 GC heap before
{Heap before GC invocations=87 (full 0):
 garbage-first heap   total 999424K, used 597552K [0x0000000600000000, 0x0000000800000000)
  region size 4096K, 69 young (282624K), 12 survivors (49152K)
 Metaspace       used 203031K, committed 205824K, reserved 1245184K
  class space    used 27335K, committed 28672K, reserved 1048576K
}
Event: 940.187 GC heap after
{Heap after GC invocations=88 (full 0):
 garbage-first heap   total 999424K, used 349745K [0x0000000600000000, 0x0000000800000000)
  region size 4096K, 5 young (20480K), 5 survivors (20480K)
 Metaspace       used 203031K, committed 205824K, reserved 1245184K
  class space    used 27335K, committed 28672K, reserved 1048576K
}
Event: 1449.905 GC heap before
{Heap before GC invocations=88 (full 0):
 garbage-first heap   total 999424K, used 865841K [0x0000000600000000, 0x0000000800000000)
  region size 4096K, 132 young (540672K), 5 survivors (20480K)
 Metaspace       used 203714K, committed 206528K, reserved 1245184K
  class space    used 27358K, committed 28736K, reserved 1048576K
}
Event: 1450.680 GC heap after
{Heap after GC invocations=89 (full 0):
 garbage-first heap   total 999424K, used 372595K [0x0000000600000000, 0x0000000800000000)
  region size 4096K, 11 young (45056K), 11 survivors (45056K)
 Metaspace       used 203714K, committed 206528K, reserved 1245184K
  class space    used 27358K, committed 28736K, reserved 1048576K
}
Event: 1450.855 GC heap before
{Heap before GC invocations=89 (full 0):
 garbage-first heap   total 999424K, used 376691K [0x0000000600000000, 0x0000000800000000)
  region size 4096K, 12 young (49152K), 11 survivors (45056K)
 Metaspace       used 203714K, committed 206528K, reserved 1245184K
  class space    used 27358K, committed 28736K, reserved 1048576K
}
Event: 1451.083 GC heap after
{Heap after GC invocations=90 (full 0):
 garbage-first heap   total 999424K, used 376668K [0x0000000600000000, 0x0000000800000000)
  region size 4096K, 2 young (8192K), 2 survivors (8192K)
 Metaspace       used 203714K, committed 206528K, reserved 1245184K
  class space    used 27358K, committed 28736K, reserved 1048576K
}
Event: 1453.654 GC heap before
{Heap before GC invocations=90 (full 0):
 garbage-first heap   total 999424K, used 425820K [0x0000000600000000, 0x0000000800000000)
  region size 4096K, 19 young (77824K), 2 survivors (8192K)
 Metaspace       used 203159K, committed 206080K, reserved 1245184K
  class space    used 27308K, committed 28736K, reserved 1048576K
}
Event: 1453.677 GC heap after
{Heap after GC invocations=91 (full 0):
 garbage-first heap   total 999424K, used 373924K [0x0000000600000000, 0x0000000800000000)
  region size 4096K, 3 young (12288K), 3 survivors (12288K)
 Metaspace       used 203159K, committed 206080K, reserved 1245184K
  class space    used 27308K, committed 28736K, reserved 1048576K
}
Event: 1453.818 GC heap before
{Heap before GC invocations=91 (full 0):
 garbage-first heap   total 999424K, used 410788K [0x0000000600000000, 0x0000000800000000)
  region size 4096K, 13 young (53248K), 3 survivors (12288K)
 Metaspace       used 203175K, committed 206080K, reserved 1245184K
  class space    used 27308K, committed 28736K, reserved 1048576K
}
Event: 1453.840 GC heap after
{Heap after GC invocations=92 (full 0):
 garbage-first heap   total 999424K, used 381465K [0x0000000600000000, 0x0000000800000000)
  region size 4096K, 2 young (8192K), 2 survivors (8192K)
 Metaspace       used 203175K, committed 206080K, reserved 1245184K
  class space    used 27308K, committed 28736K, reserved 1048576K
}
Event: 1454.361 GC heap before
{Heap before GC invocations=93 (full 0):
 garbage-first heap   total 999424K, used 463385K [0x0000000600000000, 0x0000000800000000)
  region size 4096K, 23 young (94208K), 2 survivors (8192K)
 Metaspace       used 203309K, committed 206144K, reserved 1245184K
  class space    used 27308K, committed 28736K, reserved 1048576K
}
Event: 1454.368 GC heap after
{Heap after GC invocations=94 (full 0):
 garbage-first heap   total 999424K, used 376807K [0x0000000600000000, 0x0000000800000000)
  region size 4096K, 1 young (4096K), 1 survivors (4096K)
 Metaspace       used 203309K, committed 206144K, reserved 1245184K
  class space    used 27308K, committed 28736K, reserved 1048576K
}
Event: 1465.198 GC heap before
{Heap before GC invocations=94 (full 0):
 garbage-first heap   total 999424K, used 901095K [0x0000000600000000, 0x0000000800000000)
  region size 4096K, 128 young (524288K), 1 survivors (4096K)
 Metaspace       used 204534K, committed 207360K, reserved 1245184K
  class space    used 27333K, committed 28736K, reserved 1048576K
}
Event: 1465.388 GC heap after
{Heap after GC invocations=95 (full 0):
 garbage-first heap   total 999424K, used 410684K [0x0000000600000000, 0x0000000800000000)
  region size 4096K, 10 young (40960K), 10 survivors (40960K)
 Metaspace       used 204534K, committed 207360K, reserved 1245184K
  class space    used 27333K, committed 28736K, reserved 1048576K
}
Event: 1465.606 GC heap before
{Heap before GC invocations=95 (full 0):
 garbage-first heap   total 999424K, used 496700K [0x0000000600000000, 0x0000000800000000)
  region size 4096K, 28 young (114688K), 10 survivors (40960K)
 Metaspace       used 204568K, committed 207360K, reserved 1245184K
  class space    used 27333K, committed 28736K, reserved 1048576K
}
Event: 1465.733 GC heap after
{Heap after GC invocations=96 (full 0):
 garbage-first heap   total 999424K, used 408373K [0x0000000600000000, 0x0000000800000000)
  region size 4096K, 3 young (12288K), 3 survivors (12288K)
 Metaspace       used 204568K, committed 207360K, reserved 1245184K
  class space    used 27333K, committed 28736K, reserved 1048576K
}
Event: 1466.609 GC heap before
{Heap before GC invocations=96 (full 0):
 garbage-first heap   total 999424K, used 695093K [0x0000000600000000, 0x0000000800000000)
  region size 4096K, 74 young (303104K), 3 survivors (12288K)
 Metaspace       used 204600K, committed 207424K, reserved 1245184K
  class space    used 27333K, committed 28736K, reserved 1048576K
}
Event: 1466.982 GC heap after
{Heap after GC invocations=97 (full 0):
 garbage-first heap   total 999424K, used 503522K [0x0000000600000000, 0x0000000800000000)
  region size 4096K, 10 young (40960K), 10 survivors (40960K)
 Metaspace       used 204600K, committed 207424K, reserved 1245184K
  class space    used 27333K, committed 28736K, reserved 1048576K
}
Event: 1467.048 GC heap before
{Heap before GC invocations=97 (full 0):
 garbage-first heap   total 999424K, used 511714K [0x0000000600000000, 0x0000000800000000)
  region size 4096K, 12 young (49152K), 10 survivors (40960K)
 Metaspace       used 204600K, committed 207424K, reserved 1245184K
  class space    used 27333K, committed 28736K, reserved 1048576K
}

